CRITICAL - 2021-11-04 02:16:52 --> Trying to access array offset on value of type null
#0 C:\xampp\htdocs\PKLp9\app\Views\admin\v_editKandidat.php(10): CodeIgniter\Debug\Exceptions->errorHandler(2, 'Trying to acces...', 'C:\\xampp\\htdocs...', 10)
#1 C:\xampp\htdocs\PKLp9\system\View\View.php(230): include('C:\\xampp\\htdocs...')
#2 C:\xampp\htdocs\PKLp9\system\View\View.php(232): CodeIgniter\View\View->CodeIgniter\View\{closure}()
#3 C:\xampp\htdocs\PKLp9\system\Common.php(1250): CodeIgniter\View\View->render('admin/v_editKan...', Array, true)
#4 C:\xampp\htdocs\PKLp9\app\Controllers\Kandidat.php(305): view('admin/v_editKan...', Array)
#5 C:\xampp\htdocs\PKLp9\system\CodeIgniter.php(931): App\Controllers\Kandidat->editKandidat('favicon.ico')
#6 C:\xampp\htdocs\PKLp9\system\CodeIgniter.php(439): CodeIgniter\CodeIgniter->runController(Object(App\Controllers\Kandidat))
#7 C:\xampp\htdocs\PKLp9\system\CodeIgniter.php(339): CodeIgniter\CodeIgniter->handleRequest(NULL, Object(Config\Cache), false)
#8 C:\xampp\htdocs\PKLp9\public\index.php(36): CodeIgniter\CodeIgniter->run()
#9 {main}
CRITICAL - 2021-11-04 02:17:13 --> Trying to access array offset on value of type null
#0 C:\xampp\htdocs\PKLp9\app\Views\admin\v_editKandidat.php(10): CodeIgniter\Debug\Exceptions->errorHandler(2, 'Trying to acces...', 'C:\\xampp\\htdocs...', 10)
#1 C:\xampp\htdocs\PKLp9\system\View\View.php(230): include('C:\\xampp\\htdocs...')
#2 C:\xampp\htdocs\PKLp9\system\View\View.php(232): CodeIgniter\View\View->CodeIgniter\View\{closure}()
#3 C:\xampp\htdocs\PKLp9\system\Common.php(1250): CodeIgniter\View\View->render('admin/v_editKan...', Array, true)
#4 C:\xampp\htdocs\PKLp9\app\Controllers\Kandidat.php(305): view('admin/v_editKan...', Array)
#5 C:\xampp\htdocs\PKLp9\system\CodeIgniter.php(931): App\Controllers\Kandidat->editKandidat('favicon.ico')
#6 C:\xampp\htdocs\PKLp9\system\CodeIgniter.php(439): CodeIgniter\CodeIgniter->runController(Object(App\Controllers\Kandidat))
#7 C:\xampp\htdocs\PKLp9\system\CodeIgniter.php(339): CodeIgniter\CodeIgniter->handleRequest(NULL, Object(Config\Cache), false)
#8 C:\xampp\htdocs\PKLp9\public\index.php(36): CodeIgniter\CodeIgniter->run()
#9 {main}
CRITICAL - 2021-11-04 02:17:57 --> Trying to access array offset on value of type null
#0 C:\xampp\htdocs\PKLp9\app\Views\admin\v_editKandidat.php(10): CodeIgniter\Debug\Exceptions->errorHandler(2, 'Trying to acces...', 'C:\\xampp\\htdocs...', 10)
#1 C:\xampp\htdocs\PKLp9\system\View\View.php(230): include('C:\\xampp\\htdocs...')
#2 C:\xampp\htdocs\PKLp9\system\View\View.php(232): CodeIgniter\View\View->CodeIgniter\View\{closure}()
#3 C:\xampp\htdocs\PKLp9\system\Common.php(1250): CodeIgniter\View\View->render('admin/v_editKan...', Array, true)
#4 C:\xampp\htdocs\PKLp9\app\Controllers\Kandidat.php(305): view('admin/v_editKan...', Array)
#5 C:\xampp\htdocs\PKLp9\system\CodeIgniter.php(931): App\Controllers\Kandidat->editKandidat('favicon.ico')
#6 C:\xampp\htdocs\PKLp9\system\CodeIgniter.php(439): CodeIgniter\CodeIgniter->runController(Object(App\Controllers\Kandidat))
#7 C:\xampp\htdocs\PKLp9\system\CodeIgniter.php(339): CodeIgniter\CodeIgniter->handleRequest(NULL, Object(Config\Cache), false)
#8 C:\xampp\htdocs\PKLp9\public\index.php(36): CodeIgniter\CodeIgniter->run()
#9 {main}
CRITICAL - 2021-11-04 02:25:44 --> Trying to access array offset on value of type null
#0 C:\xampp\htdocs\PKLp9\app\Views\admin\v_editKandidat.php(10): CodeIgniter\Debug\Exceptions->errorHandler(2, 'Trying to acces...', 'C:\\xampp\\htdocs...', 10)
#1 C:\xampp\htdocs\PKLp9\system\View\View.php(230): include('C:\\xampp\\htdocs...')
#2 C:\xampp\htdocs\PKLp9\system\View\View.php(232): CodeIgniter\View\View->CodeIgniter\View\{closure}()
#3 C:\xampp\htdocs\PKLp9\system\Common.php(1250): CodeIgniter\View\View->render('admin/v_editKan...', Array, true)
#4 C:\xampp\htdocs\PKLp9\app\Controllers\Kandidat.php(305): view('admin/v_editKan...', Array)
#5 C:\xampp\htdocs\PKLp9\system\CodeIgniter.php(931): App\Controllers\Kandidat->editKandidat('favicon.ico')
#6 C:\xampp\htdocs\PKLp9\system\CodeIgniter.php(439): CodeIgniter\CodeIgniter->runController(Object(App\Controllers\Kandidat))
#7 C:\xampp\htdocs\PKLp9\system\CodeIgniter.php(339): CodeIgniter\CodeIgniter->handleRequest(NULL, Object(Config\Cache), false)
#8 C:\xampp\htdocs\PKLp9\public\index.php(36): CodeIgniter\CodeIgniter->run()
#9 {main}
CRITICAL - 2021-11-04 02:25:56 --> Trying to access array offset on value of type null
#0 C:\xampp\htdocs\PKLp9\app\Views\admin\v_editKandidat.php(10): CodeIgniter\Debug\Exceptions->errorHandler(2, 'Trying to acces...', 'C:\\xampp\\htdocs...', 10)
#1 C:\xampp\htdocs\PKLp9\system\View\View.php(230): include('C:\\xampp\\htdocs...')
#2 C:\xampp\htdocs\PKLp9\system\View\View.php(232): CodeIgniter\View\View->CodeIgniter\View\{closure}()
#3 C:\xampp\htdocs\PKLp9\system\Common.php(1250): CodeIgniter\View\View->render('admin/v_editKan...', Array, true)
#4 C:\xampp\htdocs\PKLp9\app\Controllers\Kandidat.php(305): view('admin/v_editKan...', Array)
#5 C:\xampp\htdocs\PKLp9\system\CodeIgniter.php(931): App\Controllers\Kandidat->editKandidat('favicon.ico')
#6 C:\xampp\htdocs\PKLp9\system\CodeIgniter.php(439): CodeIgniter\CodeIgniter->runController(Object(App\Controllers\Kandidat))
#7 C:\xampp\htdocs\PKLp9\system\CodeIgniter.php(339): CodeIgniter\CodeIgniter->handleRequest(NULL, Object(Config\Cache), false)
#8 C:\xampp\htdocs\PKLp9\public\index.php(36): CodeIgniter\CodeIgniter->run()
#9 {main}
CRITICAL - 2021-11-04 02:27:14 --> Trying to access array offset on value of type null
#0 C:\xampp\htdocs\PKLp9\app\Views\admin\v_editKandidat.php(10): CodeIgniter\Debug\Exceptions->errorHandler(2, 'Trying to acces...', 'C:\\xampp\\htdocs...', 10)
#1 C:\xampp\htdocs\PKLp9\system\View\View.php(230): include('C:\\xampp\\htdocs...')
#2 C:\xampp\htdocs\PKLp9\system\View\View.php(232): CodeIgniter\View\View->CodeIgniter\View\{closure}()
#3 C:\xampp\htdocs\PKLp9\system\Common.php(1250): CodeIgniter\View\View->render('admin/v_editKan...', Array, true)
#4 C:\xampp\htdocs\PKLp9\app\Controllers\Kandidat.php(305): view('admin/v_editKan...', Array)
#5 C:\xampp\htdocs\PKLp9\system\CodeIgniter.php(931): App\Controllers\Kandidat->editKandidat('favicon.ico')
#6 C:\xampp\htdocs\PKLp9\system\CodeIgniter.php(439): CodeIgniter\CodeIgniter->runController(Object(App\Controllers\Kandidat))
#7 C:\xampp\htdocs\PKLp9\system\CodeIgniter.php(339): CodeIgniter\CodeIgniter->handleRequest(NULL, Object(Config\Cache), false)
#8 C:\xampp\htdocs\PKLp9\public\index.php(36): CodeIgniter\CodeIgniter->run()
#9 {main}
CRITICAL - 2021-11-04 02:27:31 --> Trying to access array offset on value of type null
#0 C:\xampp\htdocs\PKLp9\app\Views\admin\v_editKandidat.php(10): CodeIgniter\Debug\Exceptions->errorHandler(2, 'Trying to acces...', 'C:\\xampp\\htdocs...', 10)
#1 C:\xampp\htdocs\PKLp9\system\View\View.php(230): include('C:\\xampp\\htdocs...')
#2 C:\xampp\htdocs\PKLp9\system\View\View.php(232): CodeIgniter\View\View->CodeIgniter\View\{closure}()
#3 C:\xampp\htdocs\PKLp9\system\Common.php(1250): CodeIgniter\View\View->render('admin/v_editKan...', Array, true)
#4 C:\xampp\htdocs\PKLp9\app\Controllers\Kandidat.php(305): view('admin/v_editKan...', Array)
#5 C:\xampp\htdocs\PKLp9\system\CodeIgniter.php(931): App\Controllers\Kandidat->editKandidat('favicon.ico')
#6 C:\xampp\htdocs\PKLp9\system\CodeIgniter.php(439): CodeIgniter\CodeIgniter->runController(Object(App\Controllers\Kandidat))
#7 C:\xampp\htdocs\PKLp9\system\CodeIgniter.php(339): CodeIgniter\CodeIgniter->handleRequest(NULL, Object(Config\Cache), false)
#8 C:\xampp\htdocs\PKLp9\public\index.php(36): CodeIgniter\CodeIgniter->run()
#9 {main}
