CRITICAL - 2021-11-07 05:33:21 --> Trying to access array offset on value of type null
#0 C:\xampp\htdocs\PKLp9\app\Views\admin\v_editKandidat.php(10): CodeIgniter\Debug\Exceptions->errorHandler(2, 'Trying to acces...', 'C:\\xampp\\htdocs...', 10)
#1 C:\xampp\htdocs\PKLp9\system\View\View.php(230): include('C:\\xampp\\htdocs...')
#2 C:\xampp\htdocs\PKLp9\system\View\View.php(232): CodeIgniter\View\View->CodeIgniter\View\{closure}()
#3 C:\xampp\htdocs\PKLp9\system\Common.php(1250): CodeIgniter\View\View->render('admin/v_editKan...', Array, true)
#4 C:\xampp\htdocs\PKLp9\app\Controllers\Kandidat.php(305): view('admin/v_editKan...', Array)
#5 C:\xampp\htdocs\PKLp9\system\CodeIgniter.php(931): App\Controllers\Kandidat->editKandidat('favicon.ico')
#6 C:\xampp\htdocs\PKLp9\system\CodeIgniter.php(439): CodeIgniter\CodeIgniter->runController(Object(App\Controllers\Kandidat))
#7 C:\xampp\htdocs\PKLp9\system\CodeIgniter.php(339): CodeIgniter\CodeIgniter->handleRequest(NULL, Object(Config\Cache), false)
#8 C:\xampp\htdocs\PKLp9\public\index.php(36): CodeIgniter\CodeIgniter->run()
#9 {main}
CRITICAL - 2021-11-07 05:36:06 --> Trying to access array offset on value of type null
#0 C:\xampp\htdocs\PKLp9\app\Views\admin\v_editKandidat.php(10): CodeIgniter\Debug\Exceptions->errorHandler(2, 'Trying to acces...', 'C:\\xampp\\htdocs...', 10)
#1 C:\xampp\htdocs\PKLp9\system\View\View.php(230): include('C:\\xampp\\htdocs...')
#2 C:\xampp\htdocs\PKLp9\system\View\View.php(232): CodeIgniter\View\View->CodeIgniter\View\{closure}()
#3 C:\xampp\htdocs\PKLp9\system\Common.php(1250): CodeIgniter\View\View->render('admin/v_editKan...', Array, true)
#4 C:\xampp\htdocs\PKLp9\app\Controllers\Kandidat.php(305): view('admin/v_editKan...', Array)
#5 C:\xampp\htdocs\PKLp9\system\CodeIgniter.php(931): App\Controllers\Kandidat->editKandidat('favicon.ico')
#6 C:\xampp\htdocs\PKLp9\system\CodeIgniter.php(439): CodeIgniter\CodeIgniter->runController(Object(App\Controllers\Kandidat))
#7 C:\xampp\htdocs\PKLp9\system\CodeIgniter.php(339): CodeIgniter\CodeIgniter->handleRequest(NULL, Object(Config\Cache), false)
#8 C:\xampp\htdocs\PKLp9\public\index.php(36): CodeIgniter\CodeIgniter->run()
#9 {main}
CRITICAL - 2021-11-07 06:09:50 --> Call to undefined function set_select()
#0 C:\xampp\htdocs\PKLp9\system\View\View.php(230): include()
#1 C:\xampp\htdocs\PKLp9\system\View\View.php(232): CodeIgniter\View\View->CodeIgniter\View\{closure}()
#2 C:\xampp\htdocs\PKLp9\system\Common.php(1250): CodeIgniter\View\View->render('admin/v_addKand...', Array, true)
#3 C:\xampp\htdocs\PKLp9\app\Controllers\Kandidat.php(92): view('admin/v_addKand...', Array)
#4 C:\xampp\htdocs\PKLp9\system\CodeIgniter.php(931): App\Controllers\Kandidat->addKandidat()
#5 C:\xampp\htdocs\PKLp9\system\CodeIgniter.php(439): CodeIgniter\CodeIgniter->runController(Object(App\Controllers\Kandidat))
#6 C:\xampp\htdocs\PKLp9\system\CodeIgniter.php(339): CodeIgniter\CodeIgniter->handleRequest(NULL, Object(Config\Cache), false)
#7 C:\xampp\htdocs\PKLp9\public\index.php(36): CodeIgniter\CodeIgniter->run()
#8 {main}
CRITICAL - 2021-11-07 06:11:09 --> Trying to access array offset on value of type null
#0 C:\xampp\htdocs\PKLp9\app\Views\admin\v_editKandidat.php(10): CodeIgniter\Debug\Exceptions->errorHandler(2, 'Trying to acces...', 'C:\\xampp\\htdocs...', 10)
#1 C:\xampp\htdocs\PKLp9\system\View\View.php(230): include('C:\\xampp\\htdocs...')
#2 C:\xampp\htdocs\PKLp9\system\View\View.php(232): CodeIgniter\View\View->CodeIgniter\View\{closure}()
#3 C:\xampp\htdocs\PKLp9\system\Common.php(1250): CodeIgniter\View\View->render('admin/v_editKan...', Array, true)
#4 C:\xampp\htdocs\PKLp9\app\Controllers\Kandidat.php(304): view('admin/v_editKan...', Array)
#5 C:\xampp\htdocs\PKLp9\system\CodeIgniter.php(931): App\Controllers\Kandidat->editKandidat('favicon.ico')
#6 C:\xampp\htdocs\PKLp9\system\CodeIgniter.php(439): CodeIgniter\CodeIgniter->runController(Object(App\Controllers\Kandidat))
#7 C:\xampp\htdocs\PKLp9\system\CodeIgniter.php(339): CodeIgniter\CodeIgniter->handleRequest(NULL, Object(Config\Cache), false)
#8 C:\xampp\htdocs\PKLp9\public\index.php(36): CodeIgniter\CodeIgniter->run()
#9 {main}
ERROR - 2021-11-07 06:25:04 --> Error connecting to the database: No connection could be made because the target machine actively refused it
CRITICAL - 2021-11-07 06:25:04 --> Unable to connect to the database.
Main connection [MySQLi]: No connection could be made because the target machine actively refused it
#0 C:\xampp\htdocs\PKLp9\system\Database\BaseConnection.php(625): CodeIgniter\Database\BaseConnection->initialize()
#1 C:\xampp\htdocs\PKLp9\system\Database\BaseBuilder.php(1881): CodeIgniter\Database\BaseConnection->query('SELECT *\nFROM `...', Array, false)
#2 C:\xampp\htdocs\PKLp9\system\Model.php(228): CodeIgniter\Database\BaseBuilder->get()
#3 C:\xampp\htdocs\PKLp9\system\BaseModel.php(644): CodeIgniter\Model->doFirst()
#4 C:\xampp\htdocs\PKLp9\app\Controllers\Periode.php(24): CodeIgniter\BaseModel->first()
#5 C:\xampp\htdocs\PKLp9\system\CodeIgniter.php(931): App\Controllers\Periode->index()
#6 C:\xampp\htdocs\PKLp9\system\CodeIgniter.php(439): CodeIgniter\CodeIgniter->runController(Object(App\Controllers\Periode))
#7 C:\xampp\htdocs\PKLp9\system\CodeIgniter.php(339): CodeIgniter\CodeIgniter->handleRequest(NULL, Object(Config\Cache), false)
#8 C:\xampp\htdocs\PKLp9\public\index.php(36): CodeIgniter\CodeIgniter->run()
#9 {main}
ERROR - 2021-11-07 06:26:42 --> Error connecting to the database: No connection could be made because the target machine actively refused it
CRITICAL - 2021-11-07 06:26:42 --> Unable to connect to the database.
Main connection [MySQLi]: No connection could be made because the target machine actively refused it
#0 C:\xampp\htdocs\PKLp9\system\Database\BaseConnection.php(625): CodeIgniter\Database\BaseConnection->initialize()
#1 C:\xampp\htdocs\PKLp9\system\Database\BaseBuilder.php(1881): CodeIgniter\Database\BaseConnection->query('SELECT *\nFROM `...', Array, false)
#2 C:\xampp\htdocs\PKLp9\system\Model.php(228): CodeIgniter\Database\BaseBuilder->get()
#3 C:\xampp\htdocs\PKLp9\system\BaseModel.php(644): CodeIgniter\Model->doFirst()
#4 C:\xampp\htdocs\PKLp9\app\Controllers\Periode.php(24): CodeIgniter\BaseModel->first()
#5 C:\xampp\htdocs\PKLp9\system\CodeIgniter.php(931): App\Controllers\Periode->index()
#6 C:\xampp\htdocs\PKLp9\system\CodeIgniter.php(439): CodeIgniter\CodeIgniter->runController(Object(App\Controllers\Periode))
#7 C:\xampp\htdocs\PKLp9\system\CodeIgniter.php(339): CodeIgniter\CodeIgniter->handleRequest(NULL, Object(Config\Cache), false)
#8 C:\xampp\htdocs\PKLp9\public\index.php(36): CodeIgniter\CodeIgniter->run()
#9 {main}
CRITICAL - 2021-11-07 06:52:41 --> Undefined variable $user
#0 C:\xampp\htdocs\PKLp9\app\Views\layout\sidebar_user.php(38): CodeIgniter\Debug\Exceptions->errorHandler(2, 'Undefined varia...', 'C:\\xampp\\htdocs...', 38)
#1 C:\xampp\htdocs\PKLp9\system\View\View.php(230): include('C:\\xampp\\htdocs...')
#2 C:\xampp\htdocs\PKLp9\system\View\View.php(232): CodeIgniter\View\View->CodeIgniter\View\{closure}()
#3 C:\xampp\htdocs\PKLp9\system\View\View.php(487): CodeIgniter\View\View->render('layout/sidebar_...', NULL, true)
#4 C:\xampp\htdocs\PKLp9\app\Views\layout\template_user.php(41): CodeIgniter\View\View->include('layout/sidebar_...')
#5 C:\xampp\htdocs\PKLp9\system\View\View.php(230): include('C:\\xampp\\htdocs...')
#6 C:\xampp\htdocs\PKLp9\system\View\View.php(232): CodeIgniter\View\View->CodeIgniter\View\{closure}()
#7 C:\xampp\htdocs\PKLp9\system\View\View.php(246): CodeIgniter\View\View->render('layout/template...', Array, true)
#8 C:\xampp\htdocs\PKLp9\system\Common.php(1250): CodeIgniter\View\View->render('v_profile_user', Array, true)
#9 C:\xampp\htdocs\PKLp9\app\Controllers\Profile.php(29): view('v_profile_user', Array)
#10 C:\xampp\htdocs\PKLp9\system\CodeIgniter.php(931): App\Controllers\Profile->index()
#11 C:\xampp\htdocs\PKLp9\system\CodeIgniter.php(439): CodeIgniter\CodeIgniter->runController(Object(App\Controllers\Profile))
#12 C:\xampp\htdocs\PKLp9\system\CodeIgniter.php(339): CodeIgniter\CodeIgniter->handleRequest(NULL, Object(Config\Cache), false)
#13 C:\xampp\htdocs\PKLp9\public\index.php(36): CodeIgniter\CodeIgniter->run()
#14 {main}
ERROR - 2021-11-07 07:31:48 --> Unknown column 'created_at' in 'where clause'
CRITICAL - 2021-11-07 07:31:48 --> Unknown column 'created_at' in 'where clause'
#0 C:\xampp\htdocs\PKLp9\system\Database\MySQLi\Connection.php(329): mysqli->query('SELECT *\nFROM `...')
#1 C:\xampp\htdocs\PKLp9\system\Database\BaseConnection.php(732): CodeIgniter\Database\MySQLi\Connection->execute('SELECT *\nFROM `...')
#2 C:\xampp\htdocs\PKLp9\system\Database\BaseConnection.php(647): CodeIgniter\Database\BaseConnection->simpleQuery('SELECT *\nFROM `...')
#3 C:\xampp\htdocs\PKLp9\system\Database\BaseBuilder.php(1881): CodeIgniter\Database\BaseConnection->query('SELECT *\nFROM `...', Array, false)
#4 C:\xampp\htdocs\PKLp9\system\Model.php(197): CodeIgniter\Database\BaseBuilder->get()
#5 C:\xampp\htdocs\PKLp9\system\BaseModel.php(603): CodeIgniter\Model->doFindAll(0, 0)
#6 C:\xampp\htdocs\PKLp9\app\Controllers\Periode.php(99): CodeIgniter\BaseModel->findAll()
#7 C:\xampp\htdocs\PKLp9\system\CodeIgniter.php(931): App\Controllers\Periode->open('1')
#8 C:\xampp\htdocs\PKLp9\system\CodeIgniter.php(439): CodeIgniter\CodeIgniter->runController(Object(App\Controllers\Periode))
#9 C:\xampp\htdocs\PKLp9\system\CodeIgniter.php(339): CodeIgniter\CodeIgniter->handleRequest(NULL, Object(Config\Cache), false)
#10 C:\xampp\htdocs\PKLp9\public\index.php(36): CodeIgniter\CodeIgniter->run()
#11 {main}
CRITICAL - 2021-11-07 07:44:23 --> Trying to access array offset on value of type null
#0 C:\xampp\htdocs\PKLp9\app\Views\admin\v_edit_user.php(10): CodeIgniter\Debug\Exceptions->errorHandler(2, 'Trying to acces...', 'C:\\xampp\\htdocs...', 10)
#1 C:\xampp\htdocs\PKLp9\system\View\View.php(230): include('C:\\xampp\\htdocs...')
#2 C:\xampp\htdocs\PKLp9\system\View\View.php(232): CodeIgniter\View\View->CodeIgniter\View\{closure}()
#3 C:\xampp\htdocs\PKLp9\system\Common.php(1250): CodeIgniter\View\View->render('admin/v_edit_us...', Array, true)
#4 C:\xampp\htdocs\PKLp9\app\Controllers\User.php(69): view('admin/v_edit_us...', Array)
#5 C:\xampp\htdocs\PKLp9\system\CodeIgniter.php(931): App\Controllers\User->editUser('favicon.ico')
#6 C:\xampp\htdocs\PKLp9\system\CodeIgniter.php(439): CodeIgniter\CodeIgniter->runController(Object(App\Controllers\User))
#7 C:\xampp\htdocs\PKLp9\system\CodeIgniter.php(339): CodeIgniter\CodeIgniter->handleRequest(NULL, Object(Config\Cache), false)
#8 C:\xampp\htdocs\PKLp9\public\index.php(36): CodeIgniter\CodeIgniter->run()
#9 {main}
CRITICAL - 2021-11-07 07:44:42 --> Trying to access array offset on value of type null
#0 C:\xampp\htdocs\PKLp9\app\Views\admin\v_edit_user.php(10): CodeIgniter\Debug\Exceptions->errorHandler(2, 'Trying to acces...', 'C:\\xampp\\htdocs...', 10)
#1 C:\xampp\htdocs\PKLp9\system\View\View.php(230): include('C:\\xampp\\htdocs...')
#2 C:\xampp\htdocs\PKLp9\system\View\View.php(232): CodeIgniter\View\View->CodeIgniter\View\{closure}()
#3 C:\xampp\htdocs\PKLp9\system\Common.php(1250): CodeIgniter\View\View->render('admin/v_edit_us...', Array, true)
#4 C:\xampp\htdocs\PKLp9\app\Controllers\User.php(69): view('admin/v_edit_us...', Array)
#5 C:\xampp\htdocs\PKLp9\system\CodeIgniter.php(931): App\Controllers\User->editUser('favicon.ico')
#6 C:\xampp\htdocs\PKLp9\system\CodeIgniter.php(439): CodeIgniter\CodeIgniter->runController(Object(App\Controllers\User))
#7 C:\xampp\htdocs\PKLp9\system\CodeIgniter.php(339): CodeIgniter\CodeIgniter->handleRequest(NULL, Object(Config\Cache), false)
#8 C:\xampp\htdocs\PKLp9\public\index.php(36): CodeIgniter\CodeIgniter->run()
#9 {main}
CRITICAL - 2021-11-07 19:35:10 --> Trying to access array offset on value of type null
#0 C:\xampp\htdocs\PKLp9\app\Views\admin\v_editKandidat.php(10): CodeIgniter\Debug\Exceptions->errorHandler(2, 'Trying to acces...', 'C:\\xampp\\htdocs...', 10)
#1 C:\xampp\htdocs\PKLp9\system\View\View.php(230): include('C:\\xampp\\htdocs...')
#2 C:\xampp\htdocs\PKLp9\system\View\View.php(232): CodeIgniter\View\View->CodeIgniter\View\{closure}()
#3 C:\xampp\htdocs\PKLp9\system\Common.php(1250): CodeIgniter\View\View->render('admin/v_editKan...', Array, true)
#4 C:\xampp\htdocs\PKLp9\app\Controllers\Kandidat.php(304): view('admin/v_editKan...', Array)
#5 C:\xampp\htdocs\PKLp9\system\CodeIgniter.php(931): App\Controllers\Kandidat->editKandidat('favicon.ico')
#6 C:\xampp\htdocs\PKLp9\system\CodeIgniter.php(439): CodeIgniter\CodeIgniter->runController(Object(App\Controllers\Kandidat))
#7 C:\xampp\htdocs\PKLp9\system\CodeIgniter.php(339): CodeIgniter\CodeIgniter->handleRequest(NULL, Object(Config\Cache), false)
#8 C:\xampp\htdocs\PKLp9\public\index.php(36): CodeIgniter\CodeIgniter->run()
#9 {main}
