CRITICAL - 2021-11-02 03:49:07 --> Class "PhpOffice\PhpSpreadsheet\Spreadsheet" not found
#0 C:\xampp\htdocs\PKLp9\system\CodeIgniter.php(931): App\Controllers\User->export_template()
#1 C:\xampp\htdocs\PKLp9\system\CodeIgniter.php(439): CodeIgniter\CodeIgniter->runController(Object(App\Controllers\User))
#2 C:\xampp\htdocs\PKLp9\system\CodeIgniter.php(339): CodeIgniter\CodeIgniter->handleRequest(NULL, Object(Config\Cache), false)
#3 C:\xampp\htdocs\PKLp9\public\index.php(36): CodeIgniter\CodeIgniter->run()
#4 C:\xampp\htdocs\PKLp9\system\Commands\Server\rewrite.php(45): require_once('C:\\xampp\\htdocs...')
#5 {main}
CRITICAL - 2021-11-02 03:52:14 --> Class "PhpOffice\PhpSpreadsheet\Spreadsheet" not found
#0 C:\xampp\htdocs\PKLp9\system\CodeIgniter.php(931): App\Controllers\User->export_template()
#1 C:\xampp\htdocs\PKLp9\system\CodeIgniter.php(439): CodeIgniter\CodeIgniter->runController(Object(App\Controllers\User))
#2 C:\xampp\htdocs\PKLp9\system\CodeIgniter.php(339): CodeIgniter\CodeIgniter->handleRequest(NULL, Object(Config\Cache), false)
#3 C:\xampp\htdocs\PKLp9\public\index.php(36): CodeIgniter\CodeIgniter->run()
#4 {main}
CRITICAL - 2021-11-02 03:52:15 --> Class "PhpOffice\PhpSpreadsheet\Spreadsheet" not found
#0 C:\xampp\htdocs\PKLp9\system\CodeIgniter.php(931): App\Controllers\User->export_template()
#1 C:\xampp\htdocs\PKLp9\system\CodeIgniter.php(439): CodeIgniter\CodeIgniter->runController(Object(App\Controllers\User))
#2 C:\xampp\htdocs\PKLp9\system\CodeIgniter.php(339): CodeIgniter\CodeIgniter->handleRequest(NULL, Object(Config\Cache), false)
#3 C:\xampp\htdocs\PKLp9\public\index.php(36): CodeIgniter\CodeIgniter->run()
#4 {main}
ERROR - 2021-11-02 10:57:25 --> Error connecting to the database: No connection could be made because the target machine actively refused it
CRITICAL - 2021-11-02 10:57:25 --> Unable to connect to the database.
Main connection [MySQLi]: No connection could be made because the target machine actively refused it
#0 C:\xampp\htdocs\PKLp9\system\Database\BaseConnection.php(625): CodeIgniter\Database\BaseConnection->initialize()
#1 C:\xampp\htdocs\PKLp9\system\Database\BaseBuilder.php(1881): CodeIgniter\Database\BaseConnection->query('SELECT *\nFROM `...', Array, false)
#2 C:\xampp\htdocs\PKLp9\system\Model.php(228): CodeIgniter\Database\BaseBuilder->get()
#3 C:\xampp\htdocs\PKLp9\system\BaseModel.php(644): CodeIgniter\Model->doFirst()
#4 C:\xampp\htdocs\PKLp9\app\Controllers\Dashboard.php(28): CodeIgniter\BaseModel->first()
#5 C:\xampp\htdocs\PKLp9\system\CodeIgniter.php(931): App\Controllers\Dashboard->index()
#6 C:\xampp\htdocs\PKLp9\system\CodeIgniter.php(439): CodeIgniter\CodeIgniter->runController(Object(App\Controllers\Dashboard))
#7 C:\xampp\htdocs\PKLp9\system\CodeIgniter.php(339): CodeIgniter\CodeIgniter->handleRequest(NULL, Object(Config\Cache), false)
#8 C:\xampp\htdocs\PKLp9\public\index.php(36): CodeIgniter\CodeIgniter->run()
#9 C:\xampp\htdocs\PKLp9\system\Commands\Server\rewrite.php(45): require_once('C:\\xampp\\htdocs...')
#10 {main}
